c:\users\roy\documents\github\tpv2p2\tpv2\tpv2\debug\vc142.pdb
c:\users\roy\documents\github\tpv2p2\tpv2\tpv2\debug\vc142.idb
c:\users\roy\documents\github\tpv2p2\tpv2\tpv2\debug\vector2d.obj
c:\users\roy\documents\github\tpv2p2\tpv2\tpv2\debug\collisions.obj
c:\users\roy\documents\github\tpv2p2\tpv2\tpv2\debug\texture.obj
c:\users\roy\documents\github\tpv2p2\tpv2\tpv2\debug\soundeffect.obj
c:\users\roy\documents\github\tpv2p2\tpv2\tpv2\debug\sdlutils.obj
c:\users\roy\documents\github\tpv2p2\tpv2\tpv2\debug\sdlutils_demo.obj
c:\users\roy\documents\github\tpv2p2\tpv2\tpv2\debug\rendersystem.obj
c:\users\roy\documents\github\tpv2p2\tpv2\tpv2\debug\main.obj
c:\users\roy\documents\github\tpv2p2\tpv2\tpv2\debug\jsonvalue.obj
c:\users\roy\documents\github\tpv2p2\tpv2\tpv2\debug\json.obj
c:\users\roy\documents\github\tpv2p2\tpv2\tpv2\debug\somplejson_demo.obj
c:\users\roy\documents\github\tpv2p2\tpv2\tpv2\debug\game.obj
c:\users\roy\documents\github\tpv2p2\tpv2\tpv2\debug\gamectrlsystem.obj
c:\users\roy\documents\github\tpv2p2\tpv2\tpv2\debug\manager.obj
c:\users\roy\documents\github\tpv2p2\tpv2\tpv2\debug\entity.obj
c:\users\manue\desktop\tpv2p2mal\tpv2\bin\tpv2debug.ilk
c:\users\manue\desktop\tpv2p2mal\tpv2\bin\tpv2debug.exe
c:\users\manue\desktop\tpv2p2mal\tpv2\bin\tpv2debug.pdb
d:\uni\tpv2\p2\tpv2p2\tpv2\bin\tpv2debug.exe
d:\uni\tpv2\p2\tpv2p2\tpv2\bin\tpv2debug.ilk
d:\uni\tpv2\p2\tpv2p2\tpv2\bin\tpv2debug.pdb
c:\users\roy\documents\github\tpv2p2\tpv2\bin\tpv2debug.exe
c:\users\roy\documents\github\tpv2p2\tpv2\bin\tpv2debug.ilk
c:\users\roy\documents\github\tpv2p2\tpv2\bin\tpv2debug.pdb
c:\users\manue\desktop\tpv2p2mal\tpv2\bin\tpv2debug.lib
c:\users\manue\desktop\tpv2p2mal\tpv2\bin\tpv2debug.exp
d:\uni\tpv2\p2\tpv2p2\tpv2\bin\tpv2debug.lib
d:\uni\tpv2\p2\tpv2p2\tpv2\bin\tpv2debug.exp
c:\users\roy\documents\github\tpv2p2\tpv2\bin\tpv2debug.lib
c:\users\roy\documents\github\tpv2p2\tpv2\bin\tpv2debug.exp
c:\users\roy\documents\github\tpv2p2\tpv2\tpv2\debug\tpv2.tlog\cl.command.1.tlog
c:\users\roy\documents\github\tpv2p2\tpv2\tpv2\debug\tpv2.tlog\cl.read.1.tlog
c:\users\roy\documents\github\tpv2p2\tpv2\tpv2\debug\tpv2.tlog\cl.write.1.tlog
c:\users\roy\documents\github\tpv2p2\tpv2\tpv2\debug\tpv2.tlog\link.command.1.tlog
c:\users\roy\documents\github\tpv2p2\tpv2\tpv2\debug\tpv2.tlog\link.read.1.tlog
c:\users\roy\documents\github\tpv2p2\tpv2\tpv2\debug\tpv2.tlog\link.write.1.tlog
c:\users\roy\documents\github\tpv2p2\tpv2\tpv2\debug\tpv2.tlog\tpv2.write.1u.tlog
