  BulletsSystem.cpp
D:\uni\TPV2\P2\TPV2P2\TPV2\TPV2\game\FighterSystem.h(18,18): warning C4305: 'inicializando': truncamiento de 'double' a 'float'
  CollisionSystem.cpp
D:\uni\TPV2\P2\TPV2P2\TPV2\TPV2\game\AsteroidsSystem.h(8,13): warning C4099: 'Entity': nombre de tipo visto anteriormente usando 'struct' ahora se ve usando 'class'
D:\uni\TPV2\P2\TPV2P2\TPV2\TPV2\ecs_4\ecs\Entity.h(14): message : vea la declaración de 'Entity'
D:\uni\TPV2\P2\TPV2P2\TPV2\TPV2\game\FighterSystem.h(18,18): warning C4305: 'inicializando': truncamiento de 'double' a 'float'
  FighterSystem.cpp
D:\uni\TPV2\P2\TPV2P2\TPV2\TPV2\game\FighterSystem.h(18,18): warning C4305: 'inicializando': truncamiento de 'double' a 'float'
D:\uni\TPV2\P2\TPV2P2\TPV2\TPV2\game\FighterSystem.cpp(34,98): warning C4244: 'argumento': conversión de 'int' a 'float'; posible pérdida de datos
D:\uni\TPV2\P2\TPV2P2\TPV2\TPV2\game\FighterSystem.cpp(34,73): warning C4244: 'argumento': conversión de 'int' a 'float'; posible pérdida de datos
D:\uni\TPV2\P2\TPV2P2\TPV2\TPV2\ecs_4\ecs\Manager.h(38,32): warning C4244: 'argumento': conversión de '_Ty' a 'float'; posible pérdida de datos
          with
          [
              _Ty=int
          ]
D:\uni\TPV2\P2\TPV2P2\TPV2\TPV2\game\FighterSystem.cpp(34): message : Vea la referencia a la creación de una instancia de la función plantilla "T *Manager::addComponent<Transform,Vector2D,Vector2D,int,int,int>(Entity *,Vector2D &&,Vector2D &&,int &&,int &&,int &&)" que se está compilando
          with
          [
              T=Transform
          ]
  Game.cpp
D:\uni\TPV2\P2\TPV2P2\TPV2\TPV2\game\FighterSystem.h(18,18): warning C4305: 'inicializando': truncamiento de 'double' a 'float'
D:\uni\TPV2\P2\TPV2P2\TPV2\TPV2\game\AsteroidsSystem.h(8,13): warning C4099: 'Entity': nombre de tipo visto anteriormente usando 'struct' ahora se ve usando 'class'
D:\uni\TPV2\P2\TPV2P2\TPV2\TPV2\ecs_4\ecs\Entity.h(14): message : vea la declaración de 'Entity'
  GameCtrlSystem.cpp
D:\uni\TPV2\P2\TPV2P2\TPV2\TPV2\game\AsteroidsSystem.h(8,13): warning C4099: 'Entity': nombre de tipo visto anteriormente usando 'struct' ahora se ve usando 'class'
D:\uni\TPV2\P2\TPV2P2\TPV2\TPV2\ecs_4\ecs\Entity.h(14): message : vea la declaración de 'Entity'
  Generando código...
  TPV2.vcxproj -> D:\uni\TPV2\P2\TPV2P2\TPV2\bin\TPV2Debug.exe
